Arguments: 
  /opt/node-v14.15.4-linux-x64/bin/node /usr/share/yarn/bin/yarn.js add @apollo/client graphql

PATH: 
  /usr/lib/postgresql/*/bin:/opt/node-v14.15.4-linux-x64/bin:/home/greats/anaconda3/bin:/home/greats/anaconda3/condabin:/home/greats/.pyenv/versions/3.7.2/bin:/home/greats/.ebcli-virtual-env/executables:/opt/gradle/gradle-5.0/bin:/opt/node-v14.15.4-linux-x64/bin:/opt/gradle/gradle-5.0/bin:/usr/local/sbin:/usr/local/bin:/usr/sbin:/usr/bin:/sbin:/bin:/usr/games:/usr/local/games:/snap/bin:/tools:/platform-tools

Yarn version: 
  1.22.5

Node version: 
  14.15.4

Platform: 
  linux x64

Trace: 
  Error: Client network socket disconnected before secure TLS connection was established
      at connResetException (internal/errors.js:607:14)
      at TLSSocket.onConnectEnd (_tls_wrap.js:1544:19)
      at TLSSocket.emit (events.js:327:22)
      at endReadableNT (internal/streams/readable.js:1327:12)
      at processTicksAndRejections (internal/process/task_queues.js:80:21)

npm manifest: 
  {
    "name": "black-dashboard-react",
    "version": "1.2.0",
    "private": true,
    "homepage": "https://demos.creative-tim.com/black-dashboard-react/#/admin/dashboard",
    "dependencies": {
      "@fortawesome/fontawesome-free": "5.15.1",
      "bootstrap": "4.5.3",
      "chart.js": "2.9.4",
      "classnames": "2.2.6",
      "node-sass": "4.14.1",
      "node-sass-package-importer": "5.3.2",
      "perfect-scrollbar": "1.5.0",
      "prop-types": "15.7.2",
      "react": "17.0.1",
      "react-chartjs-2": "2.11.1",
      "react-dom": "17.0.1",
      "react-notification-alert": "0.0.13",
      "react-router-dom": "5.2.0",
      "react-scripts": "4.0.1",
      "reactstrap": "8.7.1"
    },
    "scripts": {
      "start": "react-scripts start",
      "build": "react-scripts build && gulp licenses",
      "test": "react-scripts test --env=jsdom",
      "eject": "react-scripts eject",
      "install:clean": "rm -rf node_modules/ && rm -rf package-lock.json && npm install && npm start",
      "compile-scss": "node-sass --importer node_modules/node-sass-package-importer/dist/cli.js src/assets/scss/black-dashboard-react.scss src/assets/css/black-dashboard-react.css",
      "minify-scss": "node-sass --importer node_modules/node-sass-package-importer/dist/cli.js src/assets/scss/black-dashboard-react.scss src/assets/css/black-dashboard-react.min.css --output-style compressed",
      "map-scss": "node-sass --importer node_modules/node-sass-package-importer/dist/cli.js src/assets/scss/black-dashboard-react.scss src/assets/css/black-dashboard-react.css --source-map true"
    },
    "eslintConfig": {
      "extends": "react-app"
    },
    "browserslist": [
      ">0.2%",
      "not dead",
      "not ie <= 11",
      "not op_mini all"
    ],
    "optionalDependencies": {
      "eslint-plugin-flowtype": "5.2.0",
      "jquery": "3.5.1",
      "typescript": "4.1.2"
    },
    "devDependencies": {
      "gulp": "4.0.2",
      "gulp-append-prepend": "1.0.8"
    }
  }

yarn manifest: 
  No manifest

Lockfile: 
  No lockfile
